  CBlock.cpp
  CColor.cpp
  CTetris.cpp
  CTetrominoe.cpp
  main.cpp
C:\Users\guido\OneDrive\Desktop\tetris\tetris\CTetris.cpp(131,12): warning C4244: 'argomento': conversione da 'time_t' a 'unsigned int'. Possibile perdita di dati.
C:\Users\guido\OneDrive\Desktop\tetris\tetris\CTetrominoe.cpp(143,35): warning C4838: la conversione da 'double' a 'int' richiede una conversione che supporta un minor numero di dati
C:\Users\guido\OneDrive\Desktop\tetris\tetris\CTetrominoe.cpp(143,35): warning C4244: 'inizializzazione': conversione da 'double' a 'int'. Possibile perdita di dati.
C:\Users\guido\OneDrive\Desktop\tetris\tetris\CTetrominoe.cpp(143,45): warning C4838: la conversione da 'double' a 'int' richiede una conversione che supporta un minor numero di dati
C:\Users\guido\OneDrive\Desktop\tetris\tetris\CTetrominoe.cpp(143,45): warning C4244: 'inizializzazione': conversione da 'double' a 'int'. Possibile perdita di dati.
C:\Users\guido\OneDrive\Desktop\tetris\tetris\CTetrominoe.cpp(143,64): warning C4838: la conversione da 'double' a 'int' richiede una conversione che supporta un minor numero di dati
C:\Users\guido\OneDrive\Desktop\tetris\tetris\CTetrominoe.cpp(143,64): warning C4244: 'inizializzazione': conversione da 'double' a 'int'. Possibile perdita di dati.
C:\Users\guido\OneDrive\Desktop\tetris\tetris\CTetrominoe.cpp(143,77): warning C4838: la conversione da 'double' a 'int' richiede una conversione che supporta un minor numero di dati
C:\Users\guido\OneDrive\Desktop\tetris\tetris\CTetrominoe.cpp(143,77): warning C4244: 'inizializzazione': conversione da 'double' a 'int'. Possibile perdita di dati.
C:\Users\guido\OneDrive\Desktop\tetris\tetris\Finestra.h(4,9): warning C4005: '_WIN32_WINNT': ridefinizione macro
  (compilazione del file di origine 'main.cpp')
      C:\Program Files (x86)\Windows Kits\10\Include\10.0.19041.0\shared\sdkddkver.h(218,10):
      vedi la precedente definizione di '_WIN32_WINNT'
  
C:\Users\guido\OneDrive\Desktop\tetris\tetris\Finestra.h(111,15): warning C4244: 'return': conversione da 'WPARAM' a 'int'. Possibile perdita di dati.
  (compilazione del file di origine 'main.cpp')
  
C:\Users\guido\OneDrive\Desktop\tetris\tetris\Finestra.h(132,15): warning C4101: 'szFileName': variabile locale senza riferimenti
  (compilazione del file di origine 'main.cpp')
  
  Generazione del codice in corso...
  tetris.vcxproj -> C:\Users\guido\OneDrive\Desktop\tetris\x64\Debug\tetris.exe
